<?xml version="1.0" encoding="UTF-8"?>
<!-- Generated by org.testng.reporters.JUnitXMLReporter -->
<testsuite ignored="0" hostname="DESKTOP-H0PI4DT" failures="0" tests="3" name="Default test" time="18.491" errors="0" timestamp="2022-07-27T12:55:24 IST">
  <testcase classname="restAssuredAPI.Post_CreateUser" name="Post_TC_01_CreateUser" time="9.204"/>
  <testcase classname="restAssuredAPI.Post_CreateUser" name="Post_TC_01_CreateUser" time="4.6"/>
  <testcase classname="restAssuredAPI.Post_CreateUser" name="Post_TC_01_CreateUser" time="4.603"/>
</testsuite> <!-- Default test -->
