<?xml version="1.0" encoding="UTF-8"?>
<!-- Generated by org.testng.reporters.JUnitXMLReporter -->
<testsuite ignored="0" hostname="DESKTOP-H0PI4DT" failures="0" tests="3" name="Test" time="18.695" errors="0" timestamp="2022-07-27T12:56:56 IST">
  <testcase classname="restAssuredAPI.Post_CreateUser" name="Post_TC_01_CreateUser" time="9.388"/>
  <testcase classname="restAssuredAPI.Post_CreateUser" name="Post_TC_01_CreateUser" time="4.625"/>
  <testcase classname="restAssuredAPI.Post_CreateUser" name="Post_TC_01_CreateUser" time="4.602"/>
</testsuite> <!-- Test -->
