<?xml version="1.0" encoding="UTF-8"?>
<!-- Generated by org.testng.reporters.JUnitXMLReporter -->
<testsuite ignored="0" hostname="DESKTOP-H0PI4DT" failures="0" tests="3" name="Test" time="19.18" errors="0" timestamp="2022-07-27T12:58:28 IST">
  <testcase classname="restAssuredAPI.Post_CreateUser" name="Post_TC_01_CreateUser" time="9.564"/>
  <testcase classname="restAssuredAPI.Post_CreateUser" name="Post_TC_01_CreateUser" time="4.601"/>
  <testcase classname="restAssuredAPI.Post_CreateUser" name="Post_TC_01_CreateUser" time="4.848"/>
</testsuite> <!-- Test -->
