<?xml version="1.0" encoding="UTF-8"?>
<testng-results ignored="0" total="3" passed="3" failed="0" skipped="0">
  <reporter-output>
  </reporter-output>
  <suite started-at="2022-07-27T12:56:37 IST" name="Suite" finished-at="2022-07-27T12:56:56 IST" duration-ms="18695">
    <groups>
    </groups>
    <test started-at="2022-07-27T12:56:37 IST" name="Test" finished-at="2022-07-27T12:56:56 IST" duration-ms="18695">
      <class name="restAssuredAPI.Post_CreateUser">
        <test-method signature="Post_TC_01_CreateUser(java.lang.String,java.lang.String)[pri:0, instance:restAssuredAPI.Post_CreateUser@6cd28fa7]" started-at="2022-07-27T12:56:37 IST" name="Post_TC_01_CreateUser" data-provider="smokeTest" finished-at="2022-07-27T12:56:47 IST" duration-ms="9388" status="PASS">
          <params>
            <param index="0">
              <value>
                <![CDATA[user1]]>
              </value>
            </param>
            <param index="1">
              <value>
                <![CDATA[leader]]>
              </value>
            </param>
          </params>
          <reporter-output>
          </reporter-output>
        </test-method> <!-- Post_TC_01_CreateUser -->
        <test-method signature="Post_TC_01_CreateUser(java.lang.String,java.lang.String)[pri:0, instance:restAssuredAPI.Post_CreateUser@6cd28fa7]" started-at="2022-07-27T12:56:47 IST" name="Post_TC_01_CreateUser" data-provider="smokeTest" finished-at="2022-07-27T12:56:51 IST" duration-ms="4625" status="PASS">
          <params>
            <param index="0">
              <value>
                <![CDATA[user2]]>
              </value>
            </param>
            <param index="1">
              <value>
                <![CDATA[sr. leader]]>
              </value>
            </param>
          </params>
          <reporter-output>
          </reporter-output>
        </test-method> <!-- Post_TC_01_CreateUser -->
        <test-method signature="Post_TC_01_CreateUser(java.lang.String,java.lang.String)[pri:0, instance:restAssuredAPI.Post_CreateUser@6cd28fa7]" started-at="2022-07-27T12:56:51 IST" name="Post_TC_01_CreateUser" data-provider="smokeTest" finished-at="2022-07-27T12:56:56 IST" duration-ms="4602" status="PASS">
          <params>
            <param index="0">
              <value>
                <![CDATA[user3]]>
              </value>
            </param>
            <param index="1">
              <value>
                <![CDATA[sr. manager]]>
              </value>
            </param>
          </params>
          <reporter-output>
          </reporter-output>
        </test-method> <!-- Post_TC_01_CreateUser -->
      </class> <!-- restAssuredAPI.Post_CreateUser -->
    </test> <!-- Test -->
  </suite> <!-- Suite -->
</testng-results>
